{
  "uid" : "f82b34f867830f75",
  "name" : "test_email_signup_success",
  "fullName" : "test_signup#test_email_signup_success",
  "historyId" : "5e7e7a6eb8972861f0ffe853e98e6c3b",
  "time" : {
    "start" : 1683576887366,
    "stop" : 1683576887366,
    "duration" : 0
  },
  "status" : "broken",
  "statusMessage" : "selenium.common.exceptions.NoSuchWindowException: Message: no such window: target window already closed\nfrom unknown error: web view not found\n  (Session info: chrome=113.0.5672.64)\nStacktrace:\nBacktrace:\n\tGetHandleVerifier [0x00A2DCE3+50899]\n\t(No symbol) [0x009BE111]\n\t(No symbol) [0x008C5588]\n\t(No symbol) [0x008AD333]\n\t(No symbol) [0x0090F4DB]\n\t(No symbol) [0x0091DB33]\n\t(No symbol) [0x0090B6F6]\n\t(No symbol) [0x008E7708]\n\t(No symbol) [0x008E886D]\n\tGetHandleVerifier [0x00C93EAE+2566302]\n\tGetHandleVerifier [0x00CC92B1+2784417]\n\tGetHandleVerifier [0x00CC327C+2759788]\n\tGetHandleVerifier [0x00AC5740+672048]\n\t(No symbol) [0x009C8872]\n\t(No symbol) [0x009C41C8]\n\t(No symbol) [0x009C42AB]\n\t(No symbol) [0x009B71B7]\n\tBaseThreadInitThunk [0x75860099+25]\n\tRtlGetAppContainerNamedObjectPath [0x779C7B6E+286]\n\tRtlGetAppContainerNamedObjectPath [0x779C7B3E+238]",
  "statusTrace" : "signup_page_object = <page_objects.signup_page.SignUpPage object at 0x000001DCBFBCA110>, email = 'Test905@yopmail.com'\nrequest = <SubRequest 'email_signup' for <Function test_email_signup_success>>, password = '7Ki6Ki4Ki9'\n\n    @pytest.fixture()\n    def email_signup(signup_page_object, email, request, password):\n        logger.log(20, 'Email signup started.')\n>       signup_page_object.set_email_field(email)\n\ntest_cases\\test_signup.py:74: \n_ _ _ _ _ _ _ _ _ _ _ _ _ _ _ _ _ _ _ _ _ _ _ _ _ _ _ _ _ _ _ _ _ _ _ _ _ _ _ _ _ _ _ _ _ _ _ _ _ _ _ _ _ _ _ _ _ _ _ _\npage_objects\\signup_page.py:15: in set_email_field\n    self.driver.find_element(By.XPATH, '//input[@type=\"email\"]').send_keys(email)\n..\\..\\.virtualenvs\\Nbyula-2OGmMT6a\\lib\\site-packages\\selenium\\webdriver\\remote\\webdriver.py:831: in find_element\n    return self.execute(Command.FIND_ELEMENT, {\"using\": by, \"value\": value})[\"value\"]\n..\\..\\.virtualenvs\\Nbyula-2OGmMT6a\\lib\\site-packages\\selenium\\webdriver\\remote\\webdriver.py:440: in execute\n    self.error_handler.check_response(response)\n_ _ _ _ _ _ _ _ _ _ _ _ _ _ _ _ _ _ _ _ _ _ _ _ _ _ _ _ _ _ _ _ _ _ _ _ _ _ _ _ _ _ _ _ _ _ _ _ _ _ _ _ _ _ _ _ _ _ _ _\n\nself = <selenium.webdriver.remote.errorhandler.ErrorHandler object at 0x000001DCBFBCB790>\nresponse = {'status': 404, 'value': '{\"value\":{\"error\":\"no such window\",\"message\":\"no such window: target window already closed\\\\...\\n\\\\tRtlGetAppContainerNamedObjectPath [0x779C7B6E+286]\\\\n\\\\tRtlGetAppContainerNamedObjectPath [0x779C7B3E+238]\\\\n\"}}'}\n\n    def check_response(self, response: Dict[str, Any]) -> None:\n        \"\"\"Checks that a JSON response from the WebDriver does not have an\n        error.\n    \n        :Args:\n         - response - The JSON response from the WebDriver server as a dictionary\n           object.\n    \n        :Raises: If the response contains an error message.\n        \"\"\"\n        status = response.get(\"status\", None)\n        if not status or status == ErrorCode.SUCCESS:\n            return\n        value = None\n        message = response.get(\"message\", \"\")\n        screen: str = response.get(\"screen\", \"\")\n        stacktrace = None\n        if isinstance(status, int):\n            value_json = response.get(\"value\", None)\n            if value_json and isinstance(value_json, str):\n                import json\n    \n                try:\n                    value = json.loads(value_json)\n                    if len(value) == 1:\n                        value = value[\"value\"]\n                    status = value.get(\"error\", None)\n                    if not status:\n                        status = value.get(\"status\", ErrorCode.UNKNOWN_ERROR)\n                        message = value.get(\"value\") or value.get(\"message\")\n                        if not isinstance(message, str):\n                            value = message\n                            message = message.get(\"message\")\n                    else:\n                        message = value.get(\"message\", None)\n                except ValueError:\n                    pass\n    \n        exception_class: Type[WebDriverException]\n        if status in ErrorCode.NO_SUCH_ELEMENT:\n            exception_class = NoSuchElementException\n        elif status in ErrorCode.NO_SUCH_FRAME:\n            exception_class = NoSuchFrameException\n        elif status in ErrorCode.NO_SUCH_SHADOW_ROOT:\n            exception_class = NoSuchShadowRootException\n        elif status in ErrorCode.NO_SUCH_WINDOW:\n            exception_class = NoSuchWindowException\n        elif status in ErrorCode.STALE_ELEMENT_REFERENCE:\n            exception_class = StaleElementReferenceException\n        elif status in ErrorCode.ELEMENT_NOT_VISIBLE:\n            exception_class = ElementNotVisibleException\n        elif status in ErrorCode.INVALID_ELEMENT_STATE:\n            exception_class = InvalidElementStateException\n        elif (\n            status in ErrorCode.INVALID_SELECTOR\n            or status in ErrorCode.INVALID_XPATH_SELECTOR\n            or status in ErrorCode.INVALID_XPATH_SELECTOR_RETURN_TYPER\n        ):\n            exception_class = InvalidSelectorException\n        elif status in ErrorCode.ELEMENT_IS_NOT_SELECTABLE:\n            exception_class = ElementNotSelectableException\n        elif status in ErrorCode.ELEMENT_NOT_INTERACTABLE:\n            exception_class = ElementNotInteractableException\n        elif status in ErrorCode.INVALID_COOKIE_DOMAIN:\n            exception_class = InvalidCookieDomainException\n        elif status in ErrorCode.UNABLE_TO_SET_COOKIE:\n            exception_class = UnableToSetCookieException\n        elif status in ErrorCode.TIMEOUT:\n            exception_class = TimeoutException\n        elif status in ErrorCode.SCRIPT_TIMEOUT:\n            exception_class = TimeoutException\n        elif status in ErrorCode.UNKNOWN_ERROR:\n            exception_class = WebDriverException\n        elif status in ErrorCode.UNEXPECTED_ALERT_OPEN:\n            exception_class = UnexpectedAlertPresentException\n        elif status in ErrorCode.NO_ALERT_OPEN:\n            exception_class = NoAlertPresentException\n        elif status in ErrorCode.IME_NOT_AVAILABLE:\n            exception_class = ImeNotAvailableException\n        elif status in ErrorCode.IME_ENGINE_ACTIVATION_FAILED:\n            exception_class = ImeActivationFailedException\n        elif status in ErrorCode.MOVE_TARGET_OUT_OF_BOUNDS:\n            exception_class = MoveTargetOutOfBoundsException\n        elif status in ErrorCode.JAVASCRIPT_ERROR:\n            exception_class = JavascriptException\n        elif status in ErrorCode.SESSION_NOT_CREATED:\n            exception_class = SessionNotCreatedException\n        elif status in ErrorCode.INVALID_ARGUMENT:\n            exception_class = InvalidArgumentException\n        elif status in ErrorCode.NO_SUCH_COOKIE:\n            exception_class = NoSuchCookieException\n        elif status in ErrorCode.UNABLE_TO_CAPTURE_SCREEN:\n            exception_class = ScreenshotException\n        elif status in ErrorCode.ELEMENT_CLICK_INTERCEPTED:\n            exception_class = ElementClickInterceptedException\n        elif status in ErrorCode.INSECURE_CERTIFICATE:\n            exception_class = InsecureCertificateException\n        elif status in ErrorCode.INVALID_COORDINATES:\n            exception_class = InvalidCoordinatesException\n        elif status in ErrorCode.INVALID_SESSION_ID:\n            exception_class = InvalidSessionIdException\n        elif status in ErrorCode.UNKNOWN_METHOD:\n            exception_class = UnknownMethodException\n        else:\n            exception_class = WebDriverException\n        if not value:\n            value = response[\"value\"]\n        if isinstance(value, str):\n            raise exception_class(value)\n        if message == \"\" and \"message\" in value:\n            message = value[\"message\"]\n    \n        screen = None  # type: ignore[assignment]\n        if \"screen\" in value:\n            screen = value[\"screen\"]\n    \n        stacktrace = None\n        st_value = value.get(\"stackTrace\") or value.get(\"stacktrace\")\n        if st_value:\n            if isinstance(st_value, str):\n                stacktrace = st_value.split(\"\\n\")\n            else:\n                stacktrace = []\n                try:\n                    for frame in st_value:\n                        line = frame.get(\"lineNumber\", \"\")\n                        file = frame.get(\"fileName\", \"<anonymous>\")\n                        if line:\n                            file = f\"{file}:{line}\"\n                        meth = frame.get(\"methodName\", \"<anonymous>\")\n                        if \"className\" in frame:\n                            meth = f\"{frame['className']}.{meth}\"\n                        msg = \"    at %s (%s)\"\n                        msg = msg % (meth, file)\n                        stacktrace.append(msg)\n                except TypeError:\n                    pass\n        if exception_class == UnexpectedAlertPresentException:\n            alert_text = None\n            if \"data\" in value:\n                alert_text = value[\"data\"].get(\"text\")\n            elif \"alert\" in value:\n                alert_text = value[\"alert\"].get(\"text\")\n            raise exception_class(message, screen, stacktrace, alert_text)  # type: ignore[call-arg]  # mypy is not smart enough here\n>       raise exception_class(message, screen, stacktrace)\nE       selenium.common.exceptions.NoSuchWindowException: Message: no such window: target window already closed\nE       from unknown error: web view not found\nE         (Session info: chrome=113.0.5672.64)\nE       Stacktrace:\nE       Backtrace:\nE       \tGetHandleVerifier [0x00A2DCE3+50899]\nE       \t(No symbol) [0x009BE111]\nE       \t(No symbol) [0x008C5588]\nE       \t(No symbol) [0x008AD333]\nE       \t(No symbol) [0x0090F4DB]\nE       \t(No symbol) [0x0091DB33]\nE       \t(No symbol) [0x0090B6F6]\nE       \t(No symbol) [0x008E7708]\nE       \t(No symbol) [0x008E886D]\nE       \tGetHandleVerifier [0x00C93EAE+2566302]\nE       \tGetHandleVerifier [0x00CC92B1+2784417]\nE       \tGetHandleVerifier [0x00CC327C+2759788]\nE       \tGetHandleVerifier [0x00AC5740+672048]\nE       \t(No symbol) [0x009C8872]\nE       \t(No symbol) [0x009C41C8]\nE       \t(No symbol) [0x009C42AB]\nE       \t(No symbol) [0x009B71B7]\nE       \tBaseThreadInitThunk [0x75860099+25]\nE       \tRtlGetAppContainerNamedObjectPath [0x779C7B6E+286]\nE       \tRtlGetAppContainerNamedObjectPath [0x779C7B3E+238]\n\n..\\..\\.virtualenvs\\Nbyula-2OGmMT6a\\lib\\site-packages\\selenium\\webdriver\\remote\\errorhandler.py:245: NoSuchWindowException",
  "flaky" : false,
  "newFailed" : false,
  "beforeStages" : [ {
    "name" : "home_page_object",
    "time" : {
      "start" : 1683576889617,
      "stop" : 1683576889621,
      "duration" : 4
    },
    "status" : "passed",
    "steps" : [ ],
    "attachments" : [ ],
    "parameters" : [ ],
    "attachmentsCount" : 0,
    "shouldDisplayMessage" : false,
    "stepsCount" : 0,
    "hasContent" : false
  }, {
    "name" : "signup_page_object",
    "time" : {
      "start" : 1683576889622,
      "stop" : 1683576890857,
      "duration" : 1235
    },
    "status" : "passed",
    "steps" : [ ],
    "attachments" : [ ],
    "parameters" : [ ],
    "attachmentsCount" : 0,
    "shouldDisplayMessage" : false,
    "stepsCount" : 0,
    "hasContent" : false
  }, {
    "name" : "email",
    "time" : {
      "start" : 1683576887382,
      "stop" : 1683576887382,
      "duration" : 0
    },
    "status" : "passed",
    "steps" : [ ],
    "attachments" : [ ],
    "parameters" : [ ],
    "attachmentsCount" : 0,
    "shouldDisplayMessage" : false,
    "stepsCount" : 0,
    "hasContent" : false
  }, {
    "name" : "driver",
    "time" : {
      "start" : 1683576887382,
      "stop" : 1683576889616,
      "duration" : 2234
    },
    "status" : "passed",
    "steps" : [ ],
    "attachments" : [ ],
    "parameters" : [ ],
    "attachmentsCount" : 0,
    "shouldDisplayMessage" : false,
    "stepsCount" : 0,
    "hasContent" : false
  }, {
    "name" : "email_signup",
    "time" : {
      "start" : 1683576890857,
      "stop" : 1683576890863,
      "duration" : 6
    },
    "status" : "broken",
    "statusMessage" : "selenium.common.exceptions.NoSuchWindowException: Message: no such window: target window already closed\nfrom unknown error: web view not found\n  (Session info: chrome=113.0.5672.64)\nStacktrace:\nBacktrace:\n\tGetHandleVerifier [0x00A2DCE3+50899]\n\t(No symbol) [0x009BE111]\n\t(No symbol) [0x008C5588]\n\t(No symbol) [0x008AD333]\n\t(No symbol) [0x0090F4DB]\n\t(No symbol) [0x0091DB33]\n\t(No symbol) [0x0090B6F6]\n\t(No symbol) [0x008E7708]\n\t(No symbol) [0x008E886D]\n\tGetHandleVerifier [0x00C93EAE+2566302]\n\tGetHandleVerifier [0x00CC92B1+2784417]\n\tGetHandleVerifier [0x00CC327C+2759788]\n\tGetHandleVerifier [0x00AC5740+672048]\n\t(No symbol) [0x009C8872]\n\t(No symbol) [0x009C41C8]\n\t(No symbol) [0x009C42AB]\n\t(No symbol) [0x009B71B7]\n\tBaseThreadInitThunk [0x75860099+25]\n\tRtlGetAppContainerNamedObjectPath [0x779C7B6E+286]\n\tRtlGetAppContainerNamedObjectPath [0x779C7B3E+238]\n\n",
    "statusTrace" : "  File \"C:\\Users\\karla\\.virtualenvs\\Nbyula-2OGmMT6a\\lib\\site-packages\\pluggy\\_callers.py\", line 39, in _multicall\n    res = hook_impl.function(*args)\n  File \"C:\\Users\\karla\\.virtualenvs\\Nbyula-2OGmMT6a\\lib\\site-packages\\_pytest\\fixtures.py\", line 1130, in pytest_fixture_setup\n    result = call_fixture_func(fixturefunc, request, kwargs)\n  File \"C:\\Users\\karla\\.virtualenvs\\Nbyula-2OGmMT6a\\lib\\site-packages\\_pytest\\fixtures.py\", line 902, in call_fixture_func\n    fixture_result = next(generator)\n  File \"C:\\Users\\karla\\PycharmProjects\\Nbyula\\test_cases\\test_signup.py\", line 74, in email_signup\n    signup_page_object.set_email_field(email)\n  File \"C:\\Users\\karla\\PycharmProjects\\Nbyula\\page_objects\\signup_page.py\", line 15, in set_email_field\n    self.driver.find_element(By.XPATH, '//input[@type=\"email\"]').send_keys(email)\n  File \"C:\\Users\\karla\\.virtualenvs\\Nbyula-2OGmMT6a\\lib\\site-packages\\selenium\\webdriver\\remote\\webdriver.py\", line 831, in find_element\n    return self.execute(Command.FIND_ELEMENT, {\"using\": by, \"value\": value})[\"value\"]\n  File \"C:\\Users\\karla\\.virtualenvs\\Nbyula-2OGmMT6a\\lib\\site-packages\\selenium\\webdriver\\remote\\webdriver.py\", line 440, in execute\n    self.error_handler.check_response(response)\n  File \"C:\\Users\\karla\\.virtualenvs\\Nbyula-2OGmMT6a\\lib\\site-packages\\selenium\\webdriver\\remote\\errorhandler.py\", line 245, in check_response\n    raise exception_class(message, screen, stacktrace)\n",
    "steps" : [ ],
    "attachments" : [ ],
    "parameters" : [ ],
    "attachmentsCount" : 0,
    "shouldDisplayMessage" : true,
    "stepsCount" : 0,
    "hasContent" : true
  }, {
    "name" : "password",
    "time" : {
      "start" : 1683576887382,
      "stop" : 1683576887382,
      "duration" : 0
    },
    "status" : "passed",
    "steps" : [ ],
    "attachments" : [ ],
    "parameters" : [ ],
    "attachmentsCount" : 0,
    "shouldDisplayMessage" : false,
    "stepsCount" : 0,
    "hasContent" : false
  } ],
  "testStage" : {
    "status" : "broken",
    "statusMessage" : "selenium.common.exceptions.NoSuchWindowException: Message: no such window: target window already closed\nfrom unknown error: web view not found\n  (Session info: chrome=113.0.5672.64)\nStacktrace:\nBacktrace:\n\tGetHandleVerifier [0x00A2DCE3+50899]\n\t(No symbol) [0x009BE111]\n\t(No symbol) [0x008C5588]\n\t(No symbol) [0x008AD333]\n\t(No symbol) [0x0090F4DB]\n\t(No symbol) [0x0091DB33]\n\t(No symbol) [0x0090B6F6]\n\t(No symbol) [0x008E7708]\n\t(No symbol) [0x008E886D]\n\tGetHandleVerifier [0x00C93EAE+2566302]\n\tGetHandleVerifier [0x00CC92B1+2784417]\n\tGetHandleVerifier [0x00CC327C+2759788]\n\tGetHandleVerifier [0x00AC5740+672048]\n\t(No symbol) [0x009C8872]\n\t(No symbol) [0x009C41C8]\n\t(No symbol) [0x009C42AB]\n\t(No symbol) [0x009B71B7]\n\tBaseThreadInitThunk [0x75860099+25]\n\tRtlGetAppContainerNamedObjectPath [0x779C7B6E+286]\n\tRtlGetAppContainerNamedObjectPath [0x779C7B3E+238]",
    "statusTrace" : "signup_page_object = <page_objects.signup_page.SignUpPage object at 0x000001DCBFBCA110>, email = 'Test905@yopmail.com'\nrequest = <SubRequest 'email_signup' for <Function test_email_signup_success>>, password = '7Ki6Ki4Ki9'\n\n    @pytest.fixture()\n    def email_signup(signup_page_object, email, request, password):\n        logger.log(20, 'Email signup started.')\n>       signup_page_object.set_email_field(email)\n\ntest_cases\\test_signup.py:74: \n_ _ _ _ _ _ _ _ _ _ _ _ _ _ _ _ _ _ _ _ _ _ _ _ _ _ _ _ _ _ _ _ _ _ _ _ _ _ _ _ _ _ _ _ _ _ _ _ _ _ _ _ _ _ _ _ _ _ _ _\npage_objects\\signup_page.py:15: in set_email_field\n    self.driver.find_element(By.XPATH, '//input[@type=\"email\"]').send_keys(email)\n..\\..\\.virtualenvs\\Nbyula-2OGmMT6a\\lib\\site-packages\\selenium\\webdriver\\remote\\webdriver.py:831: in find_element\n    return self.execute(Command.FIND_ELEMENT, {\"using\": by, \"value\": value})[\"value\"]\n..\\..\\.virtualenvs\\Nbyula-2OGmMT6a\\lib\\site-packages\\selenium\\webdriver\\remote\\webdriver.py:440: in execute\n    self.error_handler.check_response(response)\n_ _ _ _ _ _ _ _ _ _ _ _ _ _ _ _ _ _ _ _ _ _ _ _ _ _ _ _ _ _ _ _ _ _ _ _ _ _ _ _ _ _ _ _ _ _ _ _ _ _ _ _ _ _ _ _ _ _ _ _\n\nself = <selenium.webdriver.remote.errorhandler.ErrorHandler object at 0x000001DCBFBCB790>\nresponse = {'status': 404, 'value': '{\"value\":{\"error\":\"no such window\",\"message\":\"no such window: target window already closed\\\\...\\n\\\\tRtlGetAppContainerNamedObjectPath [0x779C7B6E+286]\\\\n\\\\tRtlGetAppContainerNamedObjectPath [0x779C7B3E+238]\\\\n\"}}'}\n\n    def check_response(self, response: Dict[str, Any]) -> None:\n        \"\"\"Checks that a JSON response from the WebDriver does not have an\n        error.\n    \n        :Args:\n         - response - The JSON response from the WebDriver server as a dictionary\n           object.\n    \n        :Raises: If the response contains an error message.\n        \"\"\"\n        status = response.get(\"status\", None)\n        if not status or status == ErrorCode.SUCCESS:\n            return\n        value = None\n        message = response.get(\"message\", \"\")\n        screen: str = response.get(\"screen\", \"\")\n        stacktrace = None\n        if isinstance(status, int):\n            value_json = response.get(\"value\", None)\n            if value_json and isinstance(value_json, str):\n                import json\n    \n                try:\n                    value = json.loads(value_json)\n                    if len(value) == 1:\n                        value = value[\"value\"]\n                    status = value.get(\"error\", None)\n                    if not status:\n                        status = value.get(\"status\", ErrorCode.UNKNOWN_ERROR)\n                        message = value.get(\"value\") or value.get(\"message\")\n                        if not isinstance(message, str):\n                            value = message\n                            message = message.get(\"message\")\n                    else:\n                        message = value.get(\"message\", None)\n                except ValueError:\n                    pass\n    \n        exception_class: Type[WebDriverException]\n        if status in ErrorCode.NO_SUCH_ELEMENT:\n            exception_class = NoSuchElementException\n        elif status in ErrorCode.NO_SUCH_FRAME:\n            exception_class = NoSuchFrameException\n        elif status in ErrorCode.NO_SUCH_SHADOW_ROOT:\n            exception_class = NoSuchShadowRootException\n        elif status in ErrorCode.NO_SUCH_WINDOW:\n            exception_class = NoSuchWindowException\n        elif status in ErrorCode.STALE_ELEMENT_REFERENCE:\n            exception_class = StaleElementReferenceException\n        elif status in ErrorCode.ELEMENT_NOT_VISIBLE:\n            exception_class = ElementNotVisibleException\n        elif status in ErrorCode.INVALID_ELEMENT_STATE:\n            exception_class = InvalidElementStateException\n        elif (\n            status in ErrorCode.INVALID_SELECTOR\n            or status in ErrorCode.INVALID_XPATH_SELECTOR\n            or status in ErrorCode.INVALID_XPATH_SELECTOR_RETURN_TYPER\n        ):\n            exception_class = InvalidSelectorException\n        elif status in ErrorCode.ELEMENT_IS_NOT_SELECTABLE:\n            exception_class = ElementNotSelectableException\n        elif status in ErrorCode.ELEMENT_NOT_INTERACTABLE:\n            exception_class = ElementNotInteractableException\n        elif status in ErrorCode.INVALID_COOKIE_DOMAIN:\n            exception_class = InvalidCookieDomainException\n        elif status in ErrorCode.UNABLE_TO_SET_COOKIE:\n            exception_class = UnableToSetCookieException\n        elif status in ErrorCode.TIMEOUT:\n            exception_class = TimeoutException\n        elif status in ErrorCode.SCRIPT_TIMEOUT:\n            exception_class = TimeoutException\n        elif status in ErrorCode.UNKNOWN_ERROR:\n            exception_class = WebDriverException\n        elif status in ErrorCode.UNEXPECTED_ALERT_OPEN:\n            exception_class = UnexpectedAlertPresentException\n        elif status in ErrorCode.NO_ALERT_OPEN:\n            exception_class = NoAlertPresentException\n        elif status in ErrorCode.IME_NOT_AVAILABLE:\n            exception_class = ImeNotAvailableException\n        elif status in ErrorCode.IME_ENGINE_ACTIVATION_FAILED:\n            exception_class = ImeActivationFailedException\n        elif status in ErrorCode.MOVE_TARGET_OUT_OF_BOUNDS:\n            exception_class = MoveTargetOutOfBoundsException\n        elif status in ErrorCode.JAVASCRIPT_ERROR:\n            exception_class = JavascriptException\n        elif status in ErrorCode.SESSION_NOT_CREATED:\n            exception_class = SessionNotCreatedException\n        elif status in ErrorCode.INVALID_ARGUMENT:\n            exception_class = InvalidArgumentException\n        elif status in ErrorCode.NO_SUCH_COOKIE:\n            exception_class = NoSuchCookieException\n        elif status in ErrorCode.UNABLE_TO_CAPTURE_SCREEN:\n            exception_class = ScreenshotException\n        elif status in ErrorCode.ELEMENT_CLICK_INTERCEPTED:\n            exception_class = ElementClickInterceptedException\n        elif status in ErrorCode.INSECURE_CERTIFICATE:\n            exception_class = InsecureCertificateException\n        elif status in ErrorCode.INVALID_COORDINATES:\n            exception_class = InvalidCoordinatesException\n        elif status in ErrorCode.INVALID_SESSION_ID:\n            exception_class = InvalidSessionIdException\n        elif status in ErrorCode.UNKNOWN_METHOD:\n            exception_class = UnknownMethodException\n        else:\n            exception_class = WebDriverException\n        if not value:\n            value = response[\"value\"]\n        if isinstance(value, str):\n            raise exception_class(value)\n        if message == \"\" and \"message\" in value:\n            message = value[\"message\"]\n    \n        screen = None  # type: ignore[assignment]\n        if \"screen\" in value:\n            screen = value[\"screen\"]\n    \n        stacktrace = None\n        st_value = value.get(\"stackTrace\") or value.get(\"stacktrace\")\n        if st_value:\n            if isinstance(st_value, str):\n                stacktrace = st_value.split(\"\\n\")\n            else:\n                stacktrace = []\n                try:\n                    for frame in st_value:\n                        line = frame.get(\"lineNumber\", \"\")\n                        file = frame.get(\"fileName\", \"<anonymous>\")\n                        if line:\n                            file = f\"{file}:{line}\"\n                        meth = frame.get(\"methodName\", \"<anonymous>\")\n                        if \"className\" in frame:\n                            meth = f\"{frame['className']}.{meth}\"\n                        msg = \"    at %s (%s)\"\n                        msg = msg % (meth, file)\n                        stacktrace.append(msg)\n                except TypeError:\n                    pass\n        if exception_class == UnexpectedAlertPresentException:\n            alert_text = None\n            if \"data\" in value:\n                alert_text = value[\"data\"].get(\"text\")\n            elif \"alert\" in value:\n                alert_text = value[\"alert\"].get(\"text\")\n            raise exception_class(message, screen, stacktrace, alert_text)  # type: ignore[call-arg]  # mypy is not smart enough here\n>       raise exception_class(message, screen, stacktrace)\nE       selenium.common.exceptions.NoSuchWindowException: Message: no such window: target window already closed\nE       from unknown error: web view not found\nE         (Session info: chrome=113.0.5672.64)\nE       Stacktrace:\nE       Backtrace:\nE       \tGetHandleVerifier [0x00A2DCE3+50899]\nE       \t(No symbol) [0x009BE111]\nE       \t(No symbol) [0x008C5588]\nE       \t(No symbol) [0x008AD333]\nE       \t(No symbol) [0x0090F4DB]\nE       \t(No symbol) [0x0091DB33]\nE       \t(No symbol) [0x0090B6F6]\nE       \t(No symbol) [0x008E7708]\nE       \t(No symbol) [0x008E886D]\nE       \tGetHandleVerifier [0x00C93EAE+2566302]\nE       \tGetHandleVerifier [0x00CC92B1+2784417]\nE       \tGetHandleVerifier [0x00CC327C+2759788]\nE       \tGetHandleVerifier [0x00AC5740+672048]\nE       \t(No symbol) [0x009C8872]\nE       \t(No symbol) [0x009C41C8]\nE       \t(No symbol) [0x009C42AB]\nE       \t(No symbol) [0x009B71B7]\nE       \tBaseThreadInitThunk [0x75860099+25]\nE       \tRtlGetAppContainerNamedObjectPath [0x779C7B6E+286]\nE       \tRtlGetAppContainerNamedObjectPath [0x779C7B3E+238]\n\n..\\..\\.virtualenvs\\Nbyula-2OGmMT6a\\lib\\site-packages\\selenium\\webdriver\\remote\\errorhandler.py:245: NoSuchWindowException",
    "steps" : [ ],
    "attachments" : [ {
      "uid" : "b839a2f9e66a5316",
      "name" : "log",
      "source" : "b839a2f9e66a5316.txt",
      "type" : "text/plain",
      "size" : 62
    } ],
    "parameters" : [ ],
    "attachmentsCount" : 1,
    "shouldDisplayMessage" : true,
    "stepsCount" : 0,
    "hasContent" : true
  },
  "afterStages" : [ {
    "name" : "home_page_object::0",
    "time" : {
      "start" : 1683576893003,
      "stop" : 1683576895087,
      "duration" : 2084
    },
    "status" : "passed",
    "steps" : [ ],
    "attachments" : [ ],
    "parameters" : [ ],
    "attachmentsCount" : 0,
    "shouldDisplayMessage" : false,
    "stepsCount" : 0,
    "hasContent" : false
  }, {
    "name" : "signup_page_object::0",
    "time" : {
      "start" : 1683576893003,
      "stop" : 1683576893003,
      "duration" : 0
    },
    "status" : "passed",
    "steps" : [ ],
    "attachments" : [ ],
    "parameters" : [ ],
    "attachmentsCount" : 0,
    "shouldDisplayMessage" : false,
    "stepsCount" : 0,
    "hasContent" : false
  } ],
  "labels" : [ {
    "name" : "suite",
    "value" : "test_signup"
  }, {
    "name" : "host",
    "value" : "MSI"
  }, {
    "name" : "thread",
    "value" : "18540-MainThread"
  }, {
    "name" : "framework",
    "value" : "pytest"
  }, {
    "name" : "language",
    "value" : "cpython3"
  }, {
    "name" : "package",
    "value" : "test_signup"
  }, {
    "name" : "resultFormat",
    "value" : "allure2"
  } ],
  "parameters" : [ ],
  "links" : [ ],
  "hidden" : false,
  "retry" : false,
  "extra" : {
    "severity" : "normal",
    "retries" : [ ],
    "categories" : [ {
      "name" : "Test defects",
      "matchedStatuses" : [ ],
      "flaky" : false
    } ],
    "history" : {
      "statistic" : {
        "failed" : 0,
        "broken" : 2,
        "skipped" : 0,
        "passed" : 0,
        "unknown" : 0,
        "total" : 2
      },
      "items" : [ {
        "uid" : "efdd042b6fac9440",
        "reportUrl" : "nulljob/Nbyula/13/allure/#testresult/efdd042b6fac9440",
        "status" : "broken",
        "statusDetails" : "selenium.common.exceptions.NoSuchWindowException: Message: no such window: target window already closed\nfrom unknown error: web view not found\n  (Session info: chrome=113.0.5672.64)\nStacktrace:\nBacktrace:\n\tGetHandleVerifier [0x00A2DCE3+50899]\n\t(No symbol) [0x009BE111]\n\t(No symbol) [0x008C5588]\n\t(No symbol) [0x008AD333]\n\t(No symbol) [0x0090F4DB]\n\t(No symbol) [0x0091DB33]\n\t(No symbol) [0x0090B6F6]\n\t(No symbol) [0x008E7708]\n\t(No symbol) [0x008E886D]\n\tGetHandleVerifier [0x00C93EAE+2566302]\n\tGetHandleVerifier [0x00CC92B1+2784417]\n\tGetHandleVerifier [0x00CC327C+2759788]\n\tGetHandleVerifier [0x00AC5740+672048]\n\t(No symbol) [0x009C8872]\n\t(No symbol) [0x009C41C8]\n\t(No symbol) [0x009C42AB]\n\t(No symbol) [0x009B71B7]\n\tBaseThreadInitThunk [0x75860099+25]\n\tRtlGetAppContainerNamedObjectPath [0x779C7B6E+286]\n\tRtlGetAppContainerNamedObjectPath [0x779C7B3E+238]",
        "time" : {
          "start" : 1683576887366,
          "stop" : 1683576887366,
          "duration" : 0
        }
      } ]
    },
    "tags" : [ ]
  },
  "source" : "f82b34f867830f75.json",
  "parameterValues" : [ ]
}